Determining if the pthread_create exist failed with the following output:
Change Dir: /home/liusuo/IOT/TYRbattery/build/CMakeFiles/CMakeTmp

Run Build Command:"/usr/bin/make" "cmTC_abfb3/fast"
/usr/bin/make -f CMakeFiles/cmTC_abfb3.dir/build.make CMakeFiles/cmTC_abfb3.dir/build
make[1]: Entering directory '/home/liusuo/IOT/TYRbattery/build/CMakeFiles/CMakeTmp'
Building C object CMakeFiles/cmTC_abfb3.dir/CheckSymbolExists.c.o
/usr/bin/cc   -fPIE   -o CMakeFiles/cmTC_abfb3.dir/CheckSymbolExists.c.o   -c /home/liusuo/IOT/TYRbattery/build/CMakeFiles/CMakeTmp/CheckSymbolExists.c
Linking C executable cmTC_abfb3
/usr/bin/cmake -E cmake_link_script CMakeFiles/cmTC_abfb3.dir/link.txt --verbose=1
/usr/bin/cc      CMakeFiles/cmTC_abfb3.dir/CheckSymbolExists.c.o  -o cmTC_abfb3 
/usr/bin/ld: CMakeFiles/cmTC_abfb3.dir/CheckSymbolExists.c.o: in function `main':
CheckSymbolExists.c:(.text+0x1f): undefined reference to `pthread_create'
collect2: error: ld returned 1 exit status
make[1]: *** [CMakeFiles/cmTC_abfb3.dir/build.make:98: cmTC_abfb3] Error 1
make[1]: Leaving directory '/home/liusuo/IOT/TYRbattery/build/CMakeFiles/CMakeTmp'
make: *** [Makefile:126: cmTC_abfb3/fast] Error 2

File /home/liusuo/IOT/TYRbattery/build/CMakeFiles/CMakeTmp/CheckSymbolExists.c:
/* */
#include <pthread.h>

int main(int argc, char** argv)
{
  (void)argv;
#ifndef pthread_create
  return ((int*)(&pthread_create))[argc];
#else
  (void)argc;
  return 0;
#endif
}

Determining if the function pthread_create exists in the pthreads failed with the following output:
Change Dir: /home/liusuo/IOT/TYRbattery/build/CMakeFiles/CMakeTmp

Run Build Command:"/usr/bin/make" "cmTC_ee29d/fast"
/usr/bin/make -f CMakeFiles/cmTC_ee29d.dir/build.make CMakeFiles/cmTC_ee29d.dir/build
make[1]: Entering directory '/home/liusuo/IOT/TYRbattery/build/CMakeFiles/CMakeTmp'
Building C object CMakeFiles/cmTC_ee29d.dir/CheckFunctionExists.c.o
/usr/bin/cc   -DCHECK_FUNCTION_EXISTS=pthread_create -fPIE   -o CMakeFiles/cmTC_ee29d.dir/CheckFunctionExists.c.o   -c /usr/share/cmake-3.10/Modules/CheckFunctionExists.c
Linking C executable cmTC_ee29d
/usr/bin/cmake -E cmake_link_script CMakeFiles/cmTC_ee29d.dir/link.txt --verbose=1
/usr/bin/cc  -DCHECK_FUNCTION_EXISTS=pthread_create    CMakeFiles/cmTC_ee29d.dir/CheckFunctionExists.c.o  -o cmTC_ee29d -lpthreads 
/usr/bin/ld: cannot find -lpthreads
collect2: error: ld returned 1 exit status
make[1]: *** [CMakeFiles/cmTC_ee29d.dir/build.make:98: cmTC_ee29d] Error 1
make[1]: Leaving directory '/home/liusuo/IOT/TYRbattery/build/CMakeFiles/CMakeTmp'
make: *** [Makefile:126: cmTC_ee29d/fast] Error 2


